<?xml version="1.0" encoding="UTF-8"?>
<testsuite name="com.onssoftware.SpringBootTesting.MyControllerIntTest" tests="1" skipped="0" failures="0" errors="0" timestamp="2021-01-27T11:14:04" hostname="Najmul-HP" time="0.404">
  <properties/>
  <testcase name="test1()" classname="com.onssoftware.SpringBootTesting.MyControllerIntTest" time="0.404"/>
  <system-out><![CDATA[17:14:01.823 [Test worker] DEBUG org.springframework.test.context.BootstrapUtils - Instantiating CacheAwareContextLoaderDelegate from class [org.springframework.test.context.cache.DefaultCacheAwareContextLoaderDelegate]
17:14:01.836 [Test worker] DEBUG org.springframework.test.context.BootstrapUtils - Instantiating BootstrapContext using constructor [public org.springframework.test.context.support.DefaultBootstrapContext(java.lang.Class,org.springframework.test.context.CacheAwareContextLoaderDelegate)]
17:14:01.896 [Test worker] DEBUG org.springframework.test.context.BootstrapUtils - Instantiating TestContextBootstrapper for test class [com.onssoftware.SpringBootTesting.MyControllerIntTest] from class [org.springframework.boot.test.context.SpringBootTestContextBootstrapper]
17:14:01.910 [Test worker] INFO org.springframework.boot.test.context.SpringBootTestContextBootstrapper - Neither @ContextConfiguration nor @ContextHierarchy found for test class [com.onssoftware.SpringBootTesting.MyControllerIntTest], using SpringBootContextLoader
17:14:01.914 [Test worker] DEBUG org.springframework.test.context.support.AbstractContextLoader - Did not detect default resource location for test class [com.onssoftware.SpringBootTesting.MyControllerIntTest]: class path resource [com/onssoftware/SpringBootTesting/MyControllerIntTest-context.xml] does not exist
17:14:01.915 [Test worker] DEBUG org.springframework.test.context.support.AbstractContextLoader - Did not detect default resource location for test class [com.onssoftware.SpringBootTesting.MyControllerIntTest]: class path resource [com/onssoftware/SpringBootTesting/MyControllerIntTestContext.groovy] does not exist
17:14:01.915 [Test worker] INFO org.springframework.test.context.support.AbstractContextLoader - Could not detect default resource locations for test class [com.onssoftware.SpringBootTesting.MyControllerIntTest]: no resource found for suffixes {-context.xml, Context.groovy}.
17:14:01.916 [Test worker] INFO org.springframework.test.context.support.AnnotationConfigContextLoaderUtils - Could not detect default configuration classes for test class [com.onssoftware.SpringBootTesting.MyControllerIntTest]: MyControllerIntTest does not declare any static, non-private, non-final, nested classes annotated with @Configuration.
17:14:01.998 [Test worker] DEBUG org.springframework.test.context.support.ActiveProfilesUtils - Could not find an 'annotation declaring class' for annotation type [org.springframework.test.context.ActiveProfiles] and class [com.onssoftware.SpringBootTesting.MyControllerIntTest]
17:14:02.073 [Test worker] DEBUG org.springframework.context.annotation.ClassPathScanningCandidateComponentProvider - Identified candidate component class: file [/home/najmul-csebuet/Work/Backend/Backend-Tutorial/SpringBootTesting/build/classes/java/main/com/onssoftware/SpringBootTesting/SpringBootTestingApplication.class]
17:14:02.074 [Test worker] INFO org.springframework.boot.test.context.SpringBootTestContextBootstrapper - Found @SpringBootConfiguration com.onssoftware.SpringBootTesting.SpringBootTestingApplication for test class com.onssoftware.SpringBootTesting.MyControllerIntTest
17:14:02.174 [Test worker] DEBUG org.springframework.boot.test.context.SpringBootTestContextBootstrapper - @TestExecutionListeners is not present for class [com.onssoftware.SpringBootTesting.MyControllerIntTest]: using defaults.
17:14:02.175 [Test worker] INFO org.springframework.boot.test.context.SpringBootTestContextBootstrapper - Loaded default TestExecutionListener class names from location [META-INF/spring.factories]: [org.springframework.boot.test.autoconfigure.restdocs.RestDocsTestExecutionListener, org.springframework.boot.test.autoconfigure.web.client.MockRestServiceServerResetTestExecutionListener, org.springframework.boot.test.autoconfigure.web.servlet.MockMvcPrintOnlyOnFailureTestExecutionListener, org.springframework.boot.test.autoconfigure.web.servlet.WebDriverTestExecutionListener, org.springframework.boot.test.autoconfigure.webservices.client.MockWebServiceServerTestExecutionListener, org.springframework.boot.test.mock.mockito.MockitoTestExecutionListener, org.springframework.boot.test.mock.mockito.ResetMocksTestExecutionListener, org.springframework.test.context.web.ServletTestExecutionListener, org.springframework.test.context.support.DirtiesContextBeforeModesTestExecutionListener, org.springframework.test.context.event.ApplicationEventsTestExecutionListener, org.springframework.test.context.support.DependencyInjectionTestExecutionListener, org.springframework.test.context.support.DirtiesContextTestExecutionListener, org.springframework.test.context.transaction.TransactionalTestExecutionListener, org.springframework.test.context.jdbc.SqlScriptsTestExecutionListener, org.springframework.test.context.event.EventPublishingTestExecutionListener]
17:14:02.186 [Test worker] DEBUG org.springframework.boot.test.context.SpringBootTestContextBootstrapper - Skipping candidate TestExecutionListener [org.springframework.test.context.transaction.TransactionalTestExecutionListener] due to a missing dependency. Specify custom listener classes or make the default listener classes and their required dependencies available. Offending class: [org/springframework/transaction/TransactionDefinition]
17:14:02.186 [Test worker] DEBUG org.springframework.boot.test.context.SpringBootTestContextBootstrapper - Skipping candidate TestExecutionListener [org.springframework.test.context.jdbc.SqlScriptsTestExecutionListener] due to a missing dependency. Specify custom listener classes or make the default listener classes and their required dependencies available. Offending class: [org/springframework/transaction/interceptor/TransactionAttribute]
17:14:02.187 [Test worker] INFO org.springframework.boot.test.context.SpringBootTestContextBootstrapper - Using TestExecutionListeners: [org.springframework.test.context.web.ServletTestExecutionListener@43f9dacc, org.springframework.test.context.support.DirtiesContextBeforeModesTestExecutionListener@11b92721, org.springframework.test.context.event.ApplicationEventsTestExecutionListener@4c93007f, org.springframework.boot.test.mock.mockito.MockitoTestExecutionListener@603f997, org.springframework.boot.test.autoconfigure.SpringBootDependencyInjectionTestExecutionListener@ba16c21, org.springframework.test.context.support.DirtiesContextTestExecutionListener@53f9d25b, org.springframework.test.context.event.EventPublishingTestExecutionListener@73db0a3, org.springframework.boot.test.autoconfigure.restdocs.RestDocsTestExecutionListener@1eeb3e92, org.springframework.boot.test.autoconfigure.web.client.MockRestServiceServerResetTestExecutionListener@1eab990a, org.springframework.boot.test.autoconfigure.web.servlet.MockMvcPrintOnlyOnFailureTestExecutionListener@35deb8e, org.springframework.boot.test.autoconfigure.web.servlet.WebDriverTestExecutionListener@690ffbee, org.springframework.boot.test.autoconfigure.webservices.client.MockWebServiceServerTestExecutionListener@2e5757f3, org.springframework.boot.test.mock.mockito.ResetMocksTestExecutionListener@6cf6e8fa]
17:14:02.191 [Test worker] DEBUG org.springframework.test.context.support.AbstractDirtiesContextTestExecutionListener - Before test class: context [DefaultTestContext@2f15fc77 testClass = MyControllerIntTest, testInstance = [null], testMethod = [null], testException = [null], mergedContextConfiguration = [WebMergedContextConfiguration@538b5977 testClass = MyControllerIntTest, locations = '{}', classes = '{class com.onssoftware.SpringBootTesting.SpringBootTestingApplication}', contextInitializerClasses = '[]', activeProfiles = '{}', propertySourceLocations = '{}', propertySourceProperties = '{org.springframework.boot.test.context.SpringBootTestContextBootstrapper=true}', contextCustomizers = set[org.springframework.boot.test.autoconfigure.actuate.metrics.MetricsExportContextCustomizerFactory$DisableMetricExportContextCustomizer@35399f91, org.springframework.boot.test.autoconfigure.properties.PropertyMappingContextCustomizer@4b3fa0b3, org.springframework.boot.test.autoconfigure.web.servlet.WebDriverContextCustomizerFactory$Customizer@40d4e9e7, [ImportsContextCustomizer@b03e7b9 key = [org.springframework.boot.test.autoconfigure.web.servlet.MockMvcAutoConfiguration, org.springframework.boot.test.autoconfigure.web.servlet.MockMvcWebClientAutoConfiguration, org.springframework.boot.test.autoconfigure.web.servlet.MockMvcWebDriverAutoConfiguration, org.springframework.boot.autoconfigure.security.oauth2.client.servlet.OAuth2ClientAutoConfiguration, org.springframework.boot.autoconfigure.security.oauth2.resource.servlet.OAuth2ResourceServerAutoConfiguration, org.springframework.boot.autoconfigure.security.servlet.SecurityAutoConfiguration, org.springframework.boot.autoconfigure.security.servlet.SecurityFilterAutoConfiguration, org.springframework.boot.autoconfigure.security.servlet.UserDetailsServiceAutoConfiguration, org.springframework.boot.test.autoconfigure.web.servlet.MockMvcSecurityConfiguration]], org.springframework.boot.test.context.filter.ExcludeFilterContextCustomizer@7c7944, org.springframework.boot.test.json.DuplicateJsonObjectContextCustomizerFactory$DuplicateJsonObjectContextCustomizer@7cb8f8b6, org.springframework.boot.test.mock.mockito.MockitoContextCustomizer@0, org.springframework.boot.test.web.client.TestRestTemplateContextCustomizer@3107937b, org.springframework.boot.test.context.SpringBootTestArgs@1, org.springframework.boot.test.context.SpringBootTestWebEnvironment@54ddd715], resourceBasePath = 'src/main/webapp', contextLoader = 'org.springframework.boot.test.context.SpringBootContextLoader', parent = [null]], attributes = map['org.springframework.test.context.web.ServletTestExecutionListener.activateListener' -> true]], class annotated with @DirtiesContext [false] with mode [null].
17:14:02.221 [Test worker] DEBUG org.springframework.test.context.support.TestPropertySourceUtils - Adding inlined properties to environment: {spring.jmx.enabled=false, org.springframework.boot.test.context.SpringBootTestContextBootstrapper=true}

  .   ____          _            __ _ _
 /\\ / ___'_ __ _ _(_)_ __  __ _ \ \ \ \
( ( )\___ | '_ | '_| | '_ \/ _` | \ \ \ \
 \\/  ___)| |_)| | | | | || (_| |  ) ) ) )
  '  |____| .__|_| |_|_| |_\__, | / / / /
 =========|_|==============|___/=/_/_/_/
 :: Spring Boot ::                (v2.4.2)

2021-01-27 17:14:02.615  INFO 20357 --- [    Test worker] c.o.S.MyControllerIntTest                : Starting MyControllerIntTest using Java 11.0.8 on Najmul-HP with PID 20357 (started by najmul-csebuet in /home/najmul-csebuet/Work/Backend/Backend-Tutorial/SpringBootTesting)
2021-01-27 17:14:02.623  INFO 20357 --- [    Test worker] c.o.S.MyControllerIntTest                : No active profile set, falling back to default profiles: default
2021-01-27 17:14:03.973  INFO 20357 --- [    Test worker] o.s.s.concurrent.ThreadPoolTaskExecutor  : Initializing ExecutorService 'applicationTaskExecutor'
2021-01-27 17:14:04.259  INFO 20357 --- [    Test worker] o.s.b.t.m.w.SpringBootMockServletContext : Initializing Spring TestDispatcherServlet ''
2021-01-27 17:14:04.259  INFO 20357 --- [    Test worker] o.s.t.web.servlet.TestDispatcherServlet  : Initializing Servlet ''
2021-01-27 17:14:04.260  INFO 20357 --- [    Test worker] o.s.t.web.servlet.TestDispatcherServlet  : Completed initialization in 1 ms
2021-01-27 17:14:04.279  INFO 20357 --- [    Test worker] c.o.S.MyControllerIntTest                : Started MyControllerIntTest in 2.049 seconds (JVM running for 3.562)
]]></system-out>
  <system-err><![CDATA[]]></system-err>
</testsuite>
