<?xml version="1.0" encoding="UTF-8"?>
<testsuite name="com.onssoftware.unitTesting.TestJUnit" tests="1" skipped="0" failures="0" errors="0" timestamp="2020-08-31T06:47:57" hostname="Najmul-PC" time="0.015">
  <properties/>
  <testcase name="checkingAdd()" classname="com.onssoftware.unitTesting.TestJUnit" time="0.015"/>
  <system-out><![CDATA[Bismillah
]]></system-out>
  <system-err><![CDATA[]]></system-err>
</testsuite>
